生成启动时间为 2012/12/18 20:45:56。
     1>项目“C:\程序练习\语法分析程序-LR\语法分析程序-LR\语法分析程序-LR.vcxproj”在节点 2 上(build 个目标)。
     1>InitializeBuildStatus:
         正在创建“Debug\语法分析程序-LR.unsuccessfulbuild”，因为已指定“AlwaysCreate”。
       ClCompile:
         c:\Program Files\Microsoft Visual Studio 10.0\VC\bin\CL.exe /c /ZI /nologo /W3 /WX- /Od /Oy- /D WIN32 /D _DEBUG /D _CONSOLE /D _UNICODE /D UNICODE /Gm /EHsc /RTC1 /MDd /GS /fp:precise /Zc:wchar_t /Zc:forScope /Fo"Debug\\" /Fd"Debug\vc100.pdb" /Gd /TP /analyze- /errorReport:prompt "语法分析程序-LR.cpp"
         语法分析程序-LR.cpp
       ManifestResourceCompile:
         所有输出均为最新。
       Link:
         c:\Program Files\Microsoft Visual Studio 10.0\VC\bin\link.exe /ERRORREPORT:PROMPT /OUT:"C:\程序练习\语法分析程序-LR\Debug\语法分析程序-LR.exe" /INCREMENTAL /NOLOGO kernel32.lib user32.lib gdi32.lib winspool.lib comdlg32.lib advapi32.lib shell32.lib ole32.lib oleaut32.lib uuid.lib odbc32.lib odbccp32.lib /MANIFEST /ManifestFile:"Debug\语法分析程序-LR.exe.intermediate.manifest" /MANIFESTUAC:"level='asInvoker' uiAccess='false'" /DEBUG /PDB:"C:\程序练习\语法分析程序-LR\Debug\语法分析程序-LR.pdb" /SUBSYSTEM:CONSOLE /TLBID:1 /DYNAMICBASE /NXCOMPAT /IMPLIB:"C:\程序练习\语法分析程序-LR\Debug\语法分析程序-LR.lib" /MACHINE:X86 "Debug\语法分析程序-LR.exe.embed.manifest.res"
         "Debug\语法分析程序-LR.obj"
       Manifest:
         c:\Program Files\Microsoft SDKs\Windows\v7.0A\bin\mt.exe /nologo /verbose /out:"Debug\语法分析程序-LR.exe.embed.manifest" /manifest "Debug\语法分析程序-LR.exe.intermediate.manifest"
         所有输出均为最新。
       LinkEmbedManifest:
         所有输出均为最新。
         语法分析程序-LR.vcxproj -> C:\程序练习\语法分析程序-LR\Debug\语法分析程序-LR.exe
       FinalizeBuildStatus:
         正在删除文件“Debug\语法分析程序-LR.unsuccessfulbuild”。
         正在对“Debug\语法分析程序-LR.lastbuildstate”执行 Touch 任务。
     1>已完成生成项目“C:\程序练习\语法分析程序-LR\语法分析程序-LR\语法分析程序-LR.vcxproj”(build 个目标)的操作。

生成成功。

已用时间 00:00:06.71
